  Jeux.cpp
d:\prog\session 2\prog\fonction\saisiesecurisee.h(181): warning C4244: 'initialisation' : conversion de 'std::streamoff' en 'int', perte possible de données
d:\prog\projetperso\include\client.h(33): warning C4996: 'gethostbyname': Use getaddrinfo() or GetAddrInfoW() instead or define _WINSOCK_DEPRECATED_NO_WARNINGS to disable deprecated API warnings
  c:\program files (x86)\windows kits\8.1\include\um\winsock2.h(2238): note: voir la déclaration de 'gethostbyname'
d:\prog\projetperso\include\client.h(34): warning C4996: 'inet_addr': Use inet_pton() or InetPton() instead or define _WINSOCK_DEPRECATED_NO_WARNINGS to disable deprecated API warnings
  c:\program files (x86)\windows kits\8.1\include\um\winsock2.h(1850): note: voir la déclaration de 'inet_addr'
d:\prog\projetperso\include\client.h(14): warning C4101: 'message' : variable locale non référencée
d:\prog\projetperso\include\client.h(13): warning C4101: 'client' : variable locale non référencée
d:\prog\projetperso\projet1\jeux.cpp(125): warning C4244: 'argument' : conversion de 'int' en 'float', perte possible de données
d:\prog\projetperso\projet1\jeux.cpp(126): warning C4244: 'argument' : conversion de 'int' en 'float', perte possible de données
d:\prog\projetperso\projet1\jeux.cpp(126): warning C4244: 'argument' : conversion de 'double' en 'float', perte possible de données
d:\prog\projetperso\projet1\jeux.cpp(128): warning C4244: 'initialisation' : conversion de 'float' en 'int', perte possible de données
d:\prog\projetperso\projet1\jeux.cpp(129): warning C4244: 'initialisation' : conversion de 'double' en 'int', perte possible de données
d:\prog\projetperso\projet1\jeux.cpp(130): warning C4244: 'initialisation' : conversion de 'float' en 'int', perte possible de données
d:\prog\projetperso\projet1\jeux.cpp(131): warning C4244: 'initialisation' : conversion de 'double' en 'int', perte possible de données
d:\prog\projetperso\projet1\jeux.cpp(133): warning C4244: 'initialisation' : conversion de 'float' en 'int', perte possible de données
d:\prog\projetperso\projet1\jeux.cpp(134): warning C4244: 'initialisation' : conversion de 'double' en 'int', perte possible de données
d:\prog\projetperso\projet1\jeux.cpp(135): warning C4244: 'initialisation' : conversion de 'float' en 'int', perte possible de données
d:\prog\projetperso\projet1\jeux.cpp(136): warning C4244: 'initialisation' : conversion de 'double' en 'int', perte possible de données
d:\prog\projetperso\projet1\jeux.cpp(139): warning C4244: 'argument' : conversion de 'int' en 'float', perte possible de données
d:\prog\projetperso\projet1\jeux.cpp(140): warning C4244: 'argument' : conversion de 'int' en 'float', perte possible de données
d:\prog\projetperso\projet1\jeux.cpp(141): warning C4244: 'argument' : conversion de 'int' en 'float', perte possible de données
d:\prog\projetperso\projet1\jeux.cpp(142): warning C4244: 'argument' : conversion de 'int' en 'float', perte possible de données
d:\prog\projetperso\projet1\jeux.cpp(80): warning C4390: ';' : une instruction contrôlée a été trouvée vide ; est-ce ce que vous souhaitiez ?
d:\prog\projetperso\projet1\jeux.cpp(92): warning C4390: ';' : une instruction contrôlée a été trouvée vide ; est-ce ce que vous souhaitiez ?
d:\prog\projetperso\projet1\jeux.cpp(94): warning C4390: ';' : une instruction contrôlée a été trouvée vide ; est-ce ce que vous souhaitiez ?
d:\prog\projetperso\projet1\jeux.cpp(115): warning C4996: 'sf::Text::setColor': a été déclaré déconseillé
  d:\prog\projetperso\projet1\packages\sfml-system.2.4.0.0\build\native\include\sfml\graphics\text.hpp(177): note: voir la déclaration de 'sf::Text::setColor'
d:\prog\projetperso\projet1\jeux.cpp(211): warning C4996: 'sf::Text::setColor': a été déclaré déconseillé
  d:\prog\projetperso\projet1\packages\sfml-system.2.4.0.0\build\native\include\sfml\graphics\text.hpp(177): note: voir la déclaration de 'sf::Text::setColor'
d:\prog\projetperso\projet1\jeux.cpp(217): warning C4996: 'sf::Text::setColor': a été déclaré déconseillé
  d:\prog\projetperso\projet1\packages\sfml-system.2.4.0.0\build\native\include\sfml\graphics\text.hpp(177): note: voir la déclaration de 'sf::Text::setColor'
d:\prog\projetperso\projet1\jeux.cpp(225): warning C4996: 'sf::Text::setColor': a été déclaré déconseillé
  d:\prog\projetperso\projet1\packages\sfml-system.2.4.0.0\build\native\include\sfml\graphics\text.hpp(177): note: voir la déclaration de 'sf::Text::setColor'
d:\prog\projetperso\projet1\jeux.cpp(231): warning C4996: 'sf::Text::setColor': a été déclaré déconseillé
  d:\prog\projetperso\projet1\packages\sfml-system.2.4.0.0\build\native\include\sfml\graphics\text.hpp(177): note: voir la déclaration de 'sf::Text::setColor'
d:\prog\projetperso\projet1\jeux.cpp(76): warning C4101: 'argv' : variable locale non référencée
d:\prog\projetperso\projet1\jeux.cpp(261): warning C4244: 'argument' : conversion de 'double' en 'float', perte possible de données
d:\prog\projetperso\projet1\jeux.cpp(335): warning C4244: 'argument' : conversion de 'double' en 'float', perte possible de données
d:\prog\projetperso\projet1\jeux.cpp(328): warning C4715: 'saisieTexte' : les chemins de contrôle ne retournent pas tous une valeur
d:\prog\projetperso\projet1\jeux.cpp(404): warning C4715: 'saisieTexteCacher' : les chemins de contrôle ne retournent pas tous une valeur
  Projet1.vcxproj -> D:\Prog\ProjetPerso\Projet1\Debug\Projet1.exe
  Projet1.vcxproj -> D:\Prog\ProjetPerso\Projet1\Debug\Projet1.pdb (Partial PDB)
